[2026-02-14T17:50:28.553+0000] {local_task_job_runner.py:120} INFO - ::group::Pre task execution logs
[2026-02-14T17:50:28.569+0000] {taskinstance.py:2076} INFO - Dependencies all met for dep_context=non-requeueable deps ti=<TaskInstance: car_price_predictor_pipeline.train_model manual__2026-02-14T17:45:25+00:00 [queued]>
[2026-02-14T17:50:28.573+0000] {taskinstance.py:2076} INFO - Dependencies all met for dep_context=requeueable deps ti=<TaskInstance: car_price_predictor_pipeline.train_model manual__2026-02-14T17:45:25+00:00 [queued]>
[2026-02-14T17:50:28.573+0000] {taskinstance.py:2306} INFO - Starting attempt 2 of 3
[2026-02-14T17:50:28.581+0000] {taskinstance.py:2330} INFO - Executing <Task(PythonOperator): train_model> on 2026-02-14 17:45:25+00:00
[2026-02-14T17:50:28.585+0000] {warnings.py:112} WARNING - /home/***/.local/lib/python3.12/site-packages/***/task/task_runner/standard_task_runner.py:62: DeprecationWarning: This process (pid=712) is multi-threaded, use of fork() may lead to deadlocks in the child.
  pid = os.fork()

[2026-02-14T17:50:28.585+0000] {standard_task_runner.py:64} INFO - Started process 713 to run task
[2026-02-14T17:50:28.586+0000] {standard_task_runner.py:90} INFO - Running: ['***', 'tasks', 'run', 'car_price_predictor_pipeline', 'train_model', 'manual__2026-02-14T17:45:25+00:00', '--job-id', '75', '--raw', '--subdir', 'DAGS_FOLDER/car_price_ml_pipeline.py', '--cfg-path', '/tmp/tmpjopfpb8l']
[2026-02-14T17:50:28.586+0000] {standard_task_runner.py:91} INFO - Job 75: Subtask train_model
[2026-02-14T17:50:28.611+0000] {task_command.py:426} INFO - Running <TaskInstance: car_price_predictor_pipeline.train_model manual__2026-02-14T17:45:25+00:00 [running]> on host 2075ebc01f0b
[2026-02-14T17:50:28.641+0000] {taskinstance.py:2648} INFO - Exporting env vars: AIRFLOW_CTX_DAG_EMAIL='alerts@example.com' AIRFLOW_CTX_DAG_OWNER='data-science-team' AIRFLOW_CTX_DAG_ID='car_price_predictor_pipeline' AIRFLOW_CTX_TASK_ID='train_model' AIRFLOW_CTX_EXECUTION_DATE='2026-02-14T17:45:25+00:00' AIRFLOW_CTX_TRY_NUMBER='2' AIRFLOW_CTX_DAG_RUN_ID='manual__2026-02-14T17:45:25+00:00'
[2026-02-14T17:50:28.642+0000] {taskinstance.py:430} INFO - ::endgroup::
[2026-02-14T17:50:29.667+0000] {file_store.py:306} WARNING - Malformed experiment '1'. Detailed error Yaml file '/opt/***/project/mlflow/mlruns/1/meta.yaml' does not exist.
Traceback (most recent call last):
  File "/home/airflow/.local/lib/python3.12/site-packages/mlflow/store/tracking/file_store.py", line 302, in search_experiments
    exp = self._get_experiment(exp_id, view_type)
          ^^^^^^^^^^^^^^^^^^^^^^^^^^^^^^^^^^^^^^^
  File "/home/airflow/.local/lib/python3.12/site-packages/mlflow/store/tracking/file_store.py", line 395, in _get_experiment
    meta = FileStore._read_yaml(experiment_dir, FileStore.META_DATA_FILE_NAME)
           ^^^^^^^^^^^^^^^^^^^^^^^^^^^^^^^^^^^^^^^^^^^^^^^^^^^^^^^^^^^^^^^^^^^
  File "/home/airflow/.local/lib/python3.12/site-packages/mlflow/store/tracking/file_store.py", line 1303, in _read_yaml
    return _read_helper(root, file_name, attempts_remaining=retries)
           ^^^^^^^^^^^^^^^^^^^^^^^^^^^^^^^^^^^^^^^^^^^^^^^^^^^^^^^^^
  File "/home/airflow/.local/lib/python3.12/site-packages/mlflow/store/tracking/file_store.py", line 1296, in _read_helper
    result = read_yaml(root, file_name)
             ^^^^^^^^^^^^^^^^^^^^^^^^^^
  File "/home/airflow/.local/lib/python3.12/site-packages/mlflow/utils/file_utils.py", line 303, in read_yaml
    raise MissingConfigException(f"Yaml file '{file_path}' does not exist.")
mlflow.exceptions.MissingConfigException: Yaml file '/opt/***/project/mlflow/mlruns/1/meta.yaml' does not exist.
[2026-02-14T17:50:29.676+0000] {logging_mixin.py:188} INFO - üöÄ D√©marrage de l'entra√Ænement du mod√®le...
[2026-02-14T17:50:29.676+0000] {logging_mixin.py:188} INFO - üì° MLflow URI: http://172.18.0.4:5000
[2026-02-14T17:50:29.719+0000] {logging_mixin.py:188} INFO - üìä Donn√©es valid√©es: 24776 lignes
[2026-02-14T17:50:29.895+0000] {logging_mixin.py:188} INFO - üìÇ Chargement des donn√©es...
[2026-02-14T17:50:29.986+0000] {logging_mixin.py:188} INFO - ‚úÖ Donn√©es charg√©es: (24776, 32)
[2026-02-14T17:50:30.085+0000] {logging_mixin.py:188} INFO - üîß Pr√©traitement des donn√©es...
[2026-02-14T17:50:30.095+0000] {logging_mixin.py:188} INFO -   ‚Ä¢ Origine: rempli avec mode = 'WW au Maroc'
[2026-02-14T17:50:30.098+0000] {logging_mixin.py:188} INFO -   ‚Ä¢ Premi√®re main: rempli avec mode = 'Non'
[2026-02-14T17:50:30.100+0000] {logging_mixin.py:188} INFO -   ‚Ä¢ √âtat: rempli avec mode = 'Excellent'
[2026-02-14T17:50:30.101+0000] {logging_mixin.py:188} INFO -   ‚Ä¢ Nombre de portes: rempli avec m√©diane = 5.0
[2026-02-14T17:50:30.112+0000] {logging_mixin.py:188} INFO -   ‚Ä¢ Doublons supprim√©s: 16652
[2026-02-14T17:50:30.162+0000] {logging_mixin.py:188} INFO -   ‚Ä¢ Outliers supprim√©s: 600
[2026-02-14T17:50:30.208+0000] {logging_mixin.py:188} INFO - ‚úÖ Shape apr√®s pr√©traitement: (7524, 28)
[2026-02-14T17:50:30.209+0000] {logging_mixin.py:188} INFO - üéØ Pr√©paration des features...
[2026-02-14T17:50:30.212+0000] {logging_mixin.py:188} INFO -   ‚Ä¢ Features totales: 27
[2026-02-14T17:50:30.212+0000] {logging_mixin.py:188} INFO -   ‚Ä¢ Features cat√©gorielles: 9
[2026-02-14T17:50:30.212+0000] {logging_mixin.py:188} INFO -   ‚Ä¢ Features num√©riques: 3
[2026-02-14T17:50:30.389+0000] {logging_mixin.py:188} INFO - ü§ñ Entra√Ænement du mod√®le...
[2026-02-14T17:50:30.391+0000] {logging_mixin.py:188} INFO -   ‚Ä¢ Training set: 6019 samples
[2026-02-14T17:50:30.391+0000] {logging_mixin.py:188} INFO -   ‚Ä¢ Test set: 1505 samples
[2026-02-14T17:50:31.149+0000] {logging_mixin.py:188} INFO - ‚úÖ Entra√Ænement termin√©!
[2026-02-14T17:50:31.151+0000] {warnings.py:112} WARNING - /home/***/.local/lib/python3.12/site-packages/sklearn/ensemble/_base.py:214: UserWarning: Loky-backed parallel loops cannot be called in a multiprocessing, setting n_jobs=1
  n_jobs = min(effective_n_jobs(n_jobs), n_estimators)

[2026-02-14T17:50:31.197+0000] {warnings.py:112} WARNING - /home/***/.local/lib/python3.12/site-packages/sklearn/ensemble/_base.py:214: UserWarning: Loky-backed parallel loops cannot be called in a multiprocessing, setting n_jobs=1
  n_jobs = min(effective_n_jobs(n_jobs), n_estimators)

[2026-02-14T17:50:31.543+0000] {logging_mixin.py:188} INFO - 
üìä R√©sultats:
[2026-02-14T17:50:31.544+0000] {logging_mixin.py:188} INFO -   Train R¬≤: 0.8689
[2026-02-14T17:50:31.545+0000] {logging_mixin.py:188} INFO -   Test R¬≤:  0.7299
[2026-02-14T17:50:31.546+0000] {logging_mixin.py:188} INFO -   Test RMSE: 0.5188
[2026-02-14T17:50:31.546+0000] {logging_mixin.py:188} INFO -   Test MAE:  0.3872
[2026-02-14T17:50:31.571+0000] {logging_mixin.py:188} INFO - 
üîù Top 10 Features:
[2026-02-14T17:50:31.572+0000] {logging_mixin.py:188} INFO -   Ann√©e-Mod√®le: 0.3429
[2026-02-14T17:50:31.572+0000] {logging_mixin.py:188} INFO -   Boite de vitesses: 0.1007
[2026-02-14T17:50:31.572+0000] {logging_mixin.py:188} INFO -   Marque: 0.0991
[2026-02-14T17:50:31.572+0000] {logging_mixin.py:188} INFO -   Mod√®le: 0.0961
[2026-02-14T17:50:31.573+0000] {logging_mixin.py:188} INFO -   Puissance fiscale: 0.0935
[2026-02-14T17:50:31.573+0000] {logging_mixin.py:188} INFO -   Kilom√©trage: 0.0677
[2026-02-14T17:50:31.573+0000] {logging_mixin.py:188} INFO -   Ville: 0.0380
[2026-02-14T17:50:31.573+0000] {logging_mixin.py:188} INFO -   Premi√®re main: 0.0355
[2026-02-14T17:50:31.573+0000] {logging_mixin.py:188} INFO -   Type de carburant: 0.0345
[2026-02-14T17:50:31.573+0000] {logging_mixin.py:188} INFO -   ESP: 0.0253
[2026-02-14T17:50:32.268+0000] {logging_mixin.py:188} INFO - üíæ Sauvegarde du mod√®le...
[2026-02-14T17:50:32.428+0000] {taskinstance.py:441} INFO - ::group::Post task execution logs
[2026-02-14T17:50:32.429+0000] {taskinstance.py:2905} ERROR - Task failed with exception
Traceback (most recent call last):
  File "/home/airflow/.local/lib/python3.12/site-packages/airflow/models/taskinstance.py", line 465, in _execute_task
    result = _execute_callable(context=context, **execute_callable_kwargs)
             ^^^^^^^^^^^^^^^^^^^^^^^^^^^^^^^^^^^^^^^^^^^^^^^^^^^^^^^^^^^^^
  File "/home/airflow/.local/lib/python3.12/site-packages/airflow/models/taskinstance.py", line 432, in _execute_callable
    return execute_callable(context=context, **execute_callable_kwargs)
           ^^^^^^^^^^^^^^^^^^^^^^^^^^^^^^^^^^^^^^^^^^^^^^^^^^^^^^^^^^^^
  File "/home/airflow/.local/lib/python3.12/site-packages/airflow/models/baseoperator.py", line 401, in wrapper
    return func(self, *args, **kwargs)
           ^^^^^^^^^^^^^^^^^^^^^^^^^^^
  File "/home/airflow/.local/lib/python3.12/site-packages/airflow/operators/python.py", line 235, in execute
    return_value = self.execute_callable()
                   ^^^^^^^^^^^^^^^^^^^^^^^
  File "/home/airflow/.local/lib/python3.12/site-packages/airflow/operators/python.py", line 252, in execute_callable
    return self.python_callable(*self.op_args, **self.op_kwargs)
           ^^^^^^^^^^^^^^^^^^^^^^^^^^^^^^^^^^^^^^^^^^^^^^^^^^^^^
  File "/opt/airflow/dags/car_price_ml_pipeline.py", line 124, in train_model
    pipeline.save_model()
  File "/opt/airflow/project/scripts/train_with_mlflow.py", line 306, in save_model
    mlflow.sklearn.log_model(
TypeError: log_model() got an unexpected keyword argument 'name'
[2026-02-14T17:50:32.446+0000] {taskinstance.py:1206} INFO - Marking task as UP_FOR_RETRY. dag_id=car_price_predictor_pipeline, task_id=train_model, run_id=manual__2026-02-14T17:45:25+00:00, execution_date=20260214T174525, start_date=20260214T175028, end_date=20260214T175032
[2026-02-14T17:50:32.458+0000] {standard_task_runner.py:110} ERROR - Failed to execute job 75 for task train_model (log_model() got an unexpected keyword argument 'name'; 713)
[2026-02-14T17:50:32.477+0000] {local_task_job_runner.py:243} INFO - Task exited with return code 1
[2026-02-14T17:50:32.508+0000] {taskinstance.py:3503} INFO - 0 downstream tasks scheduled from follow-on schedule check
[2026-02-14T17:50:32.509+0000] {local_task_job_runner.py:222} INFO - ::endgroup::
