[2026-02-14T17:54:39.769+0000] {local_task_job_runner.py:120} INFO - ::group::Pre task execution logs
[2026-02-14T17:54:39.776+0000] {taskinstance.py:2076} INFO - Dependencies all met for dep_context=non-requeueable deps ti=<TaskInstance: car_price_predictor_pipeline.validate_staging_model manual__2026-02-14T17:49:25+00:00 [queued]>
[2026-02-14T17:54:39.779+0000] {taskinstance.py:2076} INFO - Dependencies all met for dep_context=requeueable deps ti=<TaskInstance: car_price_predictor_pipeline.validate_staging_model manual__2026-02-14T17:49:25+00:00 [queued]>
[2026-02-14T17:54:39.779+0000] {taskinstance.py:2306} INFO - Starting attempt 1 of 3
[2026-02-14T17:54:39.784+0000] {taskinstance.py:2330} INFO - Executing <Task(PythonOperator): validate_staging_model> on 2026-02-14 17:49:25+00:00
[2026-02-14T17:54:39.786+0000] {warnings.py:112} WARNING - /home/***/.local/lib/python3.12/site-packages/***/task/task_runner/standard_task_runner.py:62: DeprecationWarning: This process (pid=1497) is multi-threaded, use of fork() may lead to deadlocks in the child.
  pid = os.fork()

[2026-02-14T17:54:39.786+0000] {standard_task_runner.py:64} INFO - Started process 1498 to run task
[2026-02-14T17:54:39.787+0000] {standard_task_runner.py:90} INFO - Running: ['***', 'tasks', 'run', 'car_price_predictor_pipeline', 'validate_staging_model', 'manual__2026-02-14T17:49:25+00:00', '--job-id', '105', '--raw', '--subdir', 'DAGS_FOLDER/car_price_ml_pipeline.py', '--cfg-path', '/tmp/tmpiez8aeip']
[2026-02-14T17:54:39.787+0000] {standard_task_runner.py:91} INFO - Job 105: Subtask validate_staging_model
[2026-02-14T17:54:39.801+0000] {task_command.py:426} INFO - Running <TaskInstance: car_price_predictor_pipeline.validate_staging_model manual__2026-02-14T17:49:25+00:00 [running]> on host 2075ebc01f0b
[2026-02-14T17:54:39.822+0000] {taskinstance.py:2648} INFO - Exporting env vars: AIRFLOW_CTX_DAG_EMAIL='alerts@example.com' AIRFLOW_CTX_DAG_OWNER='data-science-team' AIRFLOW_CTX_DAG_ID='car_price_predictor_pipeline' AIRFLOW_CTX_TASK_ID='validate_staging_model' AIRFLOW_CTX_EXECUTION_DATE='2026-02-14T17:49:25+00:00' AIRFLOW_CTX_TRY_NUMBER='1' AIRFLOW_CTX_DAG_RUN_ID='manual__2026-02-14T17:49:25+00:00'
[2026-02-14T17:54:39.823+0000] {taskinstance.py:430} INFO - ::endgroup::
[2026-02-14T17:54:40.148+0000] {logging_mixin.py:188} INFO - ðŸ§ª Validation du modÃ¨le en Staging...
[2026-02-14T17:54:40.154+0000] {warnings.py:112} WARNING - /home/***/.local/lib/python3.12/site-packages/mlflow/store/artifact/utils/models.py:32: FutureWarning: ``mlflow.tracking.client.MlflowClient.get_latest_versions`` is deprecated since 2.9.0. Model registry stages will be removed in a future major release. To learn more about the deprecation of model registry stages, see our migration guide here: https://mlflow.org/docs/2.9.0/model-registry.html#migrating-from-stages
  latest = client.get_latest_versions(name, None if stage is None else [stage])

[2026-02-14T17:54:40.165+0000] {taskinstance.py:441} INFO - ::group::Post task execution logs
[2026-02-14T17:54:40.165+0000] {taskinstance.py:2905} ERROR - Task failed with exception
Traceback (most recent call last):
  File "/home/airflow/.local/lib/python3.12/site-packages/airflow/models/taskinstance.py", line 465, in _execute_task
    result = _execute_callable(context=context, **execute_callable_kwargs)
             ^^^^^^^^^^^^^^^^^^^^^^^^^^^^^^^^^^^^^^^^^^^^^^^^^^^^^^^^^^^^^
  File "/home/airflow/.local/lib/python3.12/site-packages/airflow/models/taskinstance.py", line 432, in _execute_callable
    return execute_callable(context=context, **execute_callable_kwargs)
           ^^^^^^^^^^^^^^^^^^^^^^^^^^^^^^^^^^^^^^^^^^^^^^^^^^^^^^^^^^^^
  File "/home/airflow/.local/lib/python3.12/site-packages/airflow/models/baseoperator.py", line 401, in wrapper
    return func(self, *args, **kwargs)
           ^^^^^^^^^^^^^^^^^^^^^^^^^^^
  File "/home/airflow/.local/lib/python3.12/site-packages/airflow/operators/python.py", line 235, in execute
    return_value = self.execute_callable()
                   ^^^^^^^^^^^^^^^^^^^^^^^
  File "/home/airflow/.local/lib/python3.12/site-packages/airflow/operators/python.py", line 252, in execute_callable
    return self.python_callable(*self.op_args, **self.op_kwargs)
           ^^^^^^^^^^^^^^^^^^^^^^^^^^^^^^^^^^^^^^^^^^^^^^^^^^^^^
  File "/opt/airflow/dags/car_price_ml_pipeline.py", line 256, in validate_staging_model
    model = mlflow.sklearn.load_model(model_uri)
            ^^^^^^^^^^^^^^^^^^^^^^^^^^^^^^^^^^^^
  File "/home/airflow/.local/lib/python3.12/site-packages/mlflow/sklearn/__init__.py", line 613, in load_model
    local_model_path = _download_artifact_from_uri(artifact_uri=model_uri, output_path=dst_path)
                       ^^^^^^^^^^^^^^^^^^^^^^^^^^^^^^^^^^^^^^^^^^^^^^^^^^^^^^^^^^^^^^^^^^^^^^^^^
  File "/home/airflow/.local/lib/python3.12/site-packages/mlflow/tracking/artifact_utils.py", line 100, in _download_artifact_from_uri
    return get_artifact_repository(artifact_uri=root_uri).download_artifacts(
           ^^^^^^^^^^^^^^^^^^^^^^^^^^^^^^^^^^^^^^^^^^^^^^
  File "/home/airflow/.local/lib/python3.12/site-packages/mlflow/store/artifact/artifact_repository_registry.py", line 117, in get_artifact_repository
    return _artifact_repository_registry.get_artifact_repository(artifact_uri)
           ^^^^^^^^^^^^^^^^^^^^^^^^^^^^^^^^^^^^^^^^^^^^^^^^^^^^^^^^^^^^^^^^^^^
  File "/home/airflow/.local/lib/python3.12/site-packages/mlflow/store/artifact/artifact_repository_registry.py", line 74, in get_artifact_repository
    return repository(artifact_uri)
           ^^^^^^^^^^^^^^^^^^^^^^^^
  File "/home/airflow/.local/lib/python3.12/site-packages/mlflow/store/artifact/models_artifact_repo.py", line 59, in __init__
    ) = ModelsArtifactRepository._get_model_uri_infos(artifact_uri)
        ^^^^^^^^^^^^^^^^^^^^^^^^^^^^^^^^^^^^^^^^^^^^^^^^^^^^^^^^^^^
  File "/home/airflow/.local/lib/python3.12/site-packages/mlflow/store/artifact/models_artifact_repo.py", line 93, in _get_model_uri_infos
    name, version = get_model_name_and_version(client, uri)
                    ^^^^^^^^^^^^^^^^^^^^^^^^^^^^^^^^^^^^^^^
  File "/home/airflow/.local/lib/python3.12/site-packages/mlflow/store/artifact/utils/models.py", line 94, in get_model_name_and_version
    return model_name, str(_get_latest_model_version(client, model_name, model_stage))
                           ^^^^^^^^^^^^^^^^^^^^^^^^^^^^^^^^^^^^^^^^^^^^^^^^^^^^^^^^^^
  File "/home/airflow/.local/lib/python3.12/site-packages/mlflow/store/artifact/utils/models.py", line 35, in _get_latest_model_version
    raise MlflowException(f"No versions of model with name '{name}'{stage_str} found")
mlflow.exceptions.MlflowException: No versions of model with name 'CarPricePredictor' and stage 'Staging' found
[2026-02-14T17:54:40.170+0000] {taskinstance.py:1206} INFO - Marking task as UP_FOR_RETRY. dag_id=car_price_predictor_pipeline, task_id=validate_staging_model, run_id=manual__2026-02-14T17:49:25+00:00, execution_date=20260214T174925, start_date=20260214T175439, end_date=20260214T175440
[2026-02-14T17:54:40.174+0000] {standard_task_runner.py:110} ERROR - Failed to execute job 105 for task validate_staging_model (No versions of model with name 'CarPricePredictor' and stage 'Staging' found; 1498)
[2026-02-14T17:54:40.216+0000] {local_task_job_runner.py:243} INFO - Task exited with return code 1
[2026-02-14T17:54:40.225+0000] {taskinstance.py:3503} INFO - 0 downstream tasks scheduled from follow-on schedule check
[2026-02-14T17:54:40.225+0000] {local_task_job_runner.py:222} INFO - ::endgroup::
